\BOOKMARK [1][-]{section.1}{\376\377\000I\000n\000t\000r\000o\000d\000u\000c\000t\000i\000o\000n}{}% 1
\BOOKMARK [1][-]{section.2}{\376\377\000O\000r\000g\000a\000n\000i\000s\000a\000t\000i\000o\000n\000\040\000d\000e\000\040\000l\040\031\000U\000E}{}% 2
\BOOKMARK [1][-]{section.3}{\376\377\000D\000o\000c\000t\000r\000i\000n\000e}{}% 3
\BOOKMARK [1][-]{section.4}{\376\377\000F\000a\000i\000r\000e}{}% 4
\BOOKMARK [1][-]{section.5}{\376\377\000P\000r\000o\000g\000r\000a\000m\000m\000a\000t\000i\000o\000n\000\040\000W\000e\000b}{}% 5
\BOOKMARK [1][-]{section.6}{\376\377\000L\040\031\000\351\000c\000o\000s\000y\000s\000t\000\350\000m\000e\000\040\000d\000u\000\040\000w\000e\000b}{}% 6
\BOOKMARK [1][-]{section.7}{\376\377\000H\000T\000T\000P}{}% 7
\BOOKMARK [1][-]{section.8}{\376\377\000L\000e\000\040\000p\000r\000o\000t\000o\000c\000o\000l\000e\000\040\000d\000u\000\040\000W\000e\000b}{}% 8
\BOOKMARK [1][-]{section.9}{\376\377\000B\000a\000s\000i\000c\000\040\000a\000s\000p\000e\000c\000t\000s\000\040\000o\000f\000\040\000H\000T\000T\000P}{}% 9
\BOOKMARK [1][-]{section.10}{\376\377\000M\000\351\000t\000h\000o\000d\000e\000s\000\040\000d\000e\000s\000\040\000r\000e\000q\000u\000\352\000t\000e\000s\000\040\000H\000T\000T\000P}{}% 10
\BOOKMARK [1][-]{section.11}{\376\377\000D\000\351\000m\000o\000n\000s\000t\000r\000a\000t\000i\000o\000n\000s}{}% 11
\BOOKMARK [1][-]{section.12}{\376\377\000H\000T\000M\000L\0005\000\040\000e\000t\000\040\000C\000S\000S\0003}{}% 12
\BOOKMARK [1][-]{section.13}{\376\377\000C\000o\000n\000s\000e\000i\000l\000s\000\040\000g\000\351\000n\000\351\000r\000a\000u\000x}{}% 13
\BOOKMARK [1][-]{section.14}{\376\377\000J\000a\000v\000a\000S\000c\000r\000i\000p\000t\000\040\000:\000\040\000I\000n\000t\000r\000o\000d\000u\000c\000t\000i\000o\000n}{}% 14
\BOOKMARK [2][-]{subsection.14.1}{\376\377\000T\000y\000p\000e\000s\000\040\000d\000e\000\040\000d\000o\000n\000n\000\351\000e\000s}{section.14}% 15
\BOOKMARK [2][-]{subsection.14.2}{\376\377\000D\000\351\000c\000l\000a\000r\000a\000t\000i\000o\000n\000\040\000d\000e\000\040\000v\000a\000r\000i\000a\000b\000l\000e\000s}{section.14}% 16
\BOOKMARK [2][-]{subsection.14.3}{\376\377\000B\000o\000u\000c\000l\000e\000s}{section.14}% 17
\BOOKMARK [2][-]{subsection.14.4}{\376\377\000A\000f\000f\000e\000c\000t\000a\000t\000i\000o\000n\000\040\000p\000a\000r\000\040\000d\000\351\000c\000o\000m\000p\000o\000s\000i\000t\000i\000o\000n}{section.14}% 18
\BOOKMARK [2][-]{subsection.14.5}{\376\377\000J\000S\000\040\000e\000s\000t\000\040\000i\000m\000p\000\351\000r\000a\000t\000i\000f\000\040\000/\000\040\000s\000t\000r\000u\000c\000t\000u\000r\000\351}{section.14}% 19
\BOOKMARK [2][-]{subsection.14.6}{\376\377\000J\000S\000\040\000e\000s\000t\000\040\000o\000r\000i\000e\000n\000t\000\351\000\040\000o\000b\000j\000e\000t}{section.14}% 20
\BOOKMARK [2][-]{subsection.14.7}{\376\377\000J\000S\000\040\000e\000s\000t\000\040\000f\000o\000n\000c\000t\000i\000o\000n\000n\000e\000l}{section.14}% 21
\BOOKMARK [2][-]{subsection.14.8}{\376\377\000A\000P\000I\000\040\000f\000o\000n\000c\000t\000i\000o\000n\000n\000e\000l\000l\000e\000\040\000d\000e\000s\000\040\000t\000a\000b\000l\000e\000a\000u\000x}{section.14}% 22
\BOOKMARK [2][-]{subsection.14.9}{\376\377\000J\000S\000\040\000e\000s\000t\000\040\000\351\000v\000\351\000n\000e\000m\000e\000n\000t\000i\000e\000l}{section.14}% 23
\BOOKMARK [1][-]{section.15}{\376\377\000N\000o\000d\000e\000.\000j\000s}{}% 24
\BOOKMARK [2][-]{subsection.15.1}{\376\377\000I\000n\000t\000r\000o\000d\000u\000c\000t\000i\000o\000n\000\040\000\340\000\040\000N\000o\000d\000e\000.\000j\000s}{section.15}% 25
